# JRE version: Java(TM) SE Runtime Environment (21.0.5+9) (build 21.0.5+9-LTS-239)
# Java VM: Java HotSpot(TM) 64-Bit Server VM (21.0.5+9-LTS-239, mixed mode, sharing, tiered, compressed oops, compressed class ptrs, g1 gc, windows-amd64)
GC Precious Log:
 CardTable entry size: 512
 Card Set container configuration: InlinePtr #cards 5 size 8 Array Of Cards #cards 12 size 40 Howl #buckets 4 coarsen threshold 1843 Howl Bitmap #cards 512 size 80 coarsen threshold 460 Card regions per heap region 1 cards per card region 2048
 CPUs: 4 total, 4 available
 Memory: 3877M
 Large Page Support: Disabled
 NUMA Support: Disabled
 Compressed Oops: Enabled (32-bit)
 Heap Region Size: 1M
 Heap Min Capacity: 8M
 Heap Initial Capacity: 62M
 Heap Max Capacity: 970M
 Pre-touch: Disabled
 Parallel Workers: 4
 Concurrent Workers: 1
 Concurrent Refinement Workers: 4
 Periodic GC: Disabled
Heap:
 garbage-first heap   total 103424K, used 72212K [0x00000000c3600000, 0x0000000100000000)
  region size 1024K, 30 young (30720K), 6 survivors (6144K)
 Metaspace       used 81948K, committed 82752K, reserved 1179648K
  class space    used 11120K, committed 11520K, reserved 1048576K
GC Heap History (20 events):
Event: 16.221 GC heap before
{Heap before GC invocations=20 (full 0):
 garbage-first heap   total 58368K, used 52097K [0x00000000c3600000, 0x0000000100000000)
  region size 1024K, 24 young (24576K), 1 survivors (1024K)
 Metaspace       used 68340K, committed 69056K, reserved 1114112K
  class space    used 9080K, committed 9408K, reserved 1048576K
}
Event: 16.226 GC heap after
{Heap after GC invocations=21 (full 0):
 garbage-first heap   total 58368K, used 30116K [0x00000000c3600000, 0x0000000100000000)
  region size 1024K, 2 young (2048K), 2 survivors (2048K)
 Metaspace       used 68340K, committed 69056K, reserved 1114112K
  class space    used 9080K, committed 9408K, reserved 1048576K
}
Event: 17.105 GC heap before
{Heap before GC invocations=21 (full 0):
 garbage-first heap   total 58368K, used 50596K [0x00000000c3600000, 0x0000000100000000)
  region size 1024K, 23 young (23552K), 2 survivors (2048K)
 Metaspace       used 71720K, committed 72384K, reserved 1114112K
  class space    used 9471K, committed 9792K, reserved 1048576K
}
Event: 17.116 GC heap after
{Heap after GC invocations=22 (full 0):
 garbage-first heap   total 58368K, used 31655K [0x00000000c3600000, 0x0000000100000000)
  region size 1024K, 3 young (3072K), 3 survivors (3072K)
 Metaspace       used 71720K, committed 72384K, reserved 1114112K
  class space    used 9471K, committed 9792K, reserved 1048576K
}
Event: 17.811 GC heap before
{Heap before GC invocations=23 (full 0):
 garbage-first heap   total 58368K, used 50087K [0x00000000c3600000, 0x0000000100000000)
  region size 1024K, 21 young (21504K), 3 survivors (3072K)
 Metaspace       used 74167K, committed 74944K, reserved 1179648K
  class space    used 9942K, committed 10304K, reserved 1048576K
}
Event: 17.821 GC heap after
{Heap after GC invocations=24 (full 0):
 garbage-first heap   total 58368K, used 33320K [0x00000000c3600000, 0x0000000100000000)
  region size 1024K, 2 young (2048K), 2 survivors (2048K)
 Metaspace       used 74167K, committed 74944K, reserved 1179648K
  class space    used 9942K, committed 10304K, reserved 1048576K
}
Event: 18.146 GC heap before
{Heap before GC invocations=24 (full 0):
 garbage-first heap   total 58368K, used 50728K [0x00000000c3600000, 0x0000000100000000)
  region size 1024K, 20 young (20480K), 2 survivors (2048K)
 Metaspace       used 75547K, committed 76288K, reserved 1179648K
  class space    used 10154K, committed 10496K, reserved 1048576K
}
Event: 18.155 GC heap after
{Heap after GC invocations=25 (full 0):
 garbage-first heap   total 70656K, used 34016K [0x00000000c3600000, 0x0000000100000000)
  region size 1024K, 3 young (3072K), 3 survivors (3072K)
 Metaspace       used 75547K, committed 76288K, reserved 1179648K
  class space    used 10154K, committed 10496K, reserved 1048576K
}
Event: 18.608 GC heap before
{Heap before GC invocations=25 (full 0):
 garbage-first heap   total 70656K, used 62688K [0x00000000c3600000, 0x0000000100000000)
  region size 1024K, 31 young (31744K), 3 survivors (3072K)
 Metaspace       used 76296K, committed 77120K, reserved 1179648K
  class space    used 10366K, committed 10752K, reserved 1048576K
}
Event: 18.617 GC heap after
{Heap after GC invocations=26 (full 0):
 garbage-first heap   total 70656K, used 34816K [0x00000000c3600000, 0x0000000100000000)
  region size 1024K, 2 young (2048K), 2 survivors (2048K)
 Metaspace       used 76296K, committed 77120K, reserved 1179648K
  class space    used 10366K, committed 10752K, reserved 1048576K
}
Event: 19.033 GC heap before
{Heap before GC invocations=27 (full 0):
 garbage-first heap   total 71680K, used 63488K [0x00000000c3600000, 0x0000000100000000)
  region size 1024K, 31 young (31744K), 2 survivors (2048K)
 Metaspace       used 77948K, committed 78720K, reserved 1179648K
  class space    used 10573K, committed 10944K, reserved 1048576K
}
Event: 19.040 GC heap after
{Heap after GC invocations=28 (full 0):
 garbage-first heap   total 71680K, used 35782K [0x00000000c3600000, 0x0000000100000000)
  region size 1024K, 3 young (3072K), 3 survivors (3072K)
 Metaspace       used 77948K, committed 78720K, reserved 1179648K
  class space    used 10573K, committed 10944K, reserved 1048576K
}
Event: 19.381 GC heap before
{Heap before GC invocations=28 (full 0):
 garbage-first heap   total 71680K, used 64454K [0x00000000c3600000, 0x0000000100000000)
  region size 1024K, 31 young (31744K), 3 survivors (3072K)
 Metaspace       used 78350K, committed 79104K, reserved 1179648K
  class space    used 10610K, committed 10944K, reserved 1048576K
}
Event: 19.397 GC heap after
{Heap after GC invocations=29 (full 0):
 garbage-first heap   total 71680K, used 37353K [0x00000000c3600000, 0x0000000100000000)
  region size 1024K, 4 young (4096K), 4 survivors (4096K)
 Metaspace       used 78350K, committed 79104K, reserved 1179648K
  class space    used 10610K, committed 10944K, reserved 1048576K
}
Event: 19.596 GC heap before
{Heap before GC invocations=29 (full 0):
 garbage-first heap   total 71680K, used 62953K [0x00000000c3600000, 0x0000000100000000)
  region size 1024K, 29 young (29696K), 4 survivors (4096K)
 Metaspace       used 78353K, committed 79104K, reserved 1179648K
  class space    used 10610K, committed 10944K, reserved 1048576K
}
Event: 19.613 GC heap after
{Heap after GC invocations=30 (full 0):
 garbage-first heap   total 72704K, used 42246K [0x00000000c3600000, 0x0000000100000000)
  region size 1024K, 4 young (4096K), 4 survivors (4096K)
 Metaspace       used 78353K, committed 79104K, reserved 1179648K
  class space    used 10610K, committed 10944K, reserved 1048576K
}
Event: 19.701 GC heap before
{Heap before GC invocations=30 (full 0):
 garbage-first heap   total 72704K, used 62726K [0x00000000c3600000, 0x0000000100000000)
  region size 1024K, 24 young (24576K), 4 survivors (4096K)
 Metaspace       used 78358K, committed 79104K, reserved 1179648K
  class space    used 10610K, committed 10944K, reserved 1048576K
}
Event: 19.714 GC heap after
{Heap after GC invocations=31 (full 0):
 garbage-first heap   total 103424K, used 45772K [0x00000000c3600000, 0x0000000100000000)
  region size 1024K, 3 young (3072K), 3 survivors (3072K)
 Metaspace       used 78358K, committed 79104K, reserved 1179648K
  class space    used 10610K, committed 10944K, reserved 1048576K
}
Event: 20.634 GC heap before
{Heap before GC invocations=32 (full 0):
 garbage-first heap   total 103424K, used 90828K [0x00000000c3600000, 0x0000000100000000)
  region size 1024K, 47 young (48128K), 3 survivors (3072K)
 Metaspace       used 80275K, committed 81152K, reserved 1179648K
  class space    used 10872K, committed 11264K, reserved 1048576K
}
Event: 20.652 GC heap after
{Heap after GC invocations=33 (full 0):
 garbage-first heap   total 103424K, used 48660K [0x00000000c3600000, 0x0000000100000000)
  region size 1024K, 6 young (6144K), 6 survivors (6144K)
 Metaspace       used 80275K, committed 81152K, reserved 1179648K
  class space    used 10872K, committed 11264K, reserved 1048576K
}

