# JRE version: Java(TM) SE Runtime Environment (21.0.5+9) (build 21.0.5+9-LTS-239)
# Java VM: Java HotSpot(TM) 64-Bit Server VM (21.0.5+9-LTS-239, mixed mode, sharing, tiered, compressed oops, compressed class ptrs, g1 gc, windows-amd64)
GC Precious Log:
 CardTable entry size: 512
 Card Set container configuration: InlinePtr #cards 5 size 8 Array Of Cards #cards 12 size 40 Howl #buckets 4 coarsen threshold 1843 Howl Bitmap #cards 512 size 80 coarsen threshold 460 Card regions per heap region 1 cards per card region 2048
 CPUs: 4 total, 4 available
 Memory: 3877M
 Large Page Support: Disabled
 NUMA Support: Disabled
 Compressed Oops: Enabled (32-bit)
 Heap Region Size: 1M
 Heap Min Capacity: 8M
 Heap Initial Capacity: 62M
 Heap Max Capacity: 970M
 Pre-touch: Disabled
 Parallel Workers: 4
 Concurrent Workers: 1
 Concurrent Refinement Workers: 4
 Periodic GC: Disabled
Heap:
 garbage-first heap   total 76800K, used 34566K [0x00000000c3600000, 0x0000000100000000)
  region size 1024K, 14 young (14336K), 6 survivors (6144K)
 Metaspace       used 26034K, committed 26432K, reserved 1114112K
  class space    used 2923K, committed 3136K, reserved 1048576K
GC Heap History (14 events):
Event: 0.419 GC heap before
{Heap before GC invocations=0 (full 0):
 garbage-first heap   total 63488K, used 13312K [0x00000000c3600000, 0x0000000100000000)
  region size 1024K, 13 young (13312K), 0 survivors (0K)
 Metaspace       used 3674K, committed 3904K, reserved 1114112K
  class space    used 376K, committed 512K, reserved 1048576K
}
Event: 0.424 GC heap after
{Heap after GC invocations=1 (full 0):
 garbage-first heap   total 63488K, used 3200K [0x00000000c3600000, 0x0000000100000000)
  region size 1024K, 2 young (2048K), 2 survivors (2048K)
 Metaspace       used 3674K, committed 3904K, reserved 1114112K
  class space    used 376K, committed 512K, reserved 1048576K
}
Event: 0.753 GC heap before
{Heap before GC invocations=1 (full 0):
 garbage-first heap   total 63488K, used 19584K [0x00000000c3600000, 0x0000000100000000)
  region size 1024K, 18 young (18432K), 2 survivors (2048K)
 Metaspace       used 6289K, committed 6528K, reserved 1114112K
  class space    used 724K, committed 832K, reserved 1048576K
}
Event: 0.758 GC heap after
{Heap after GC invocations=2 (full 0):
 garbage-first heap   total 63488K, used 4155K [0x00000000c3600000, 0x0000000100000000)
  region size 1024K, 1 young (1024K), 1 survivors (1024K)
 Metaspace       used 6289K, committed 6528K, reserved 1114112K
  class space    used 724K, committed 832K, reserved 1048576K
}
Event: 1.938 GC heap before
{Heap before GC invocations=2 (full 0):
 garbage-first heap   total 63488K, used 39995K [0x00000000c3600000, 0x0000000100000000)
  region size 1024K, 37 young (37888K), 1 survivors (1024K)
 Metaspace       used 12445K, committed 12608K, reserved 1114112K
  class space    used 1495K, committed 1600K, reserved 1048576K
}
Event: 1.946 GC heap after
{Heap after GC invocations=3 (full 0):
 garbage-first heap   total 63488K, used 6713K [0x00000000c3600000, 0x0000000100000000)
  region size 1024K, 4 young (4096K), 4 survivors (4096K)
 Metaspace       used 12445K, committed 12608K, reserved 1114112K
  class space    used 1495K, committed 1600K, reserved 1048576K
}
Event: 2.726 GC heap before
{Heap before GC invocations=3 (full 0):
 garbage-first heap   total 63488K, used 40505K [0x00000000c3600000, 0x0000000100000000)
  region size 1024K, 37 young (37888K), 4 survivors (4096K)
 Metaspace       used 15718K, committed 16000K, reserved 1114112K
  class space    used 1827K, committed 1920K, reserved 1048576K
}
Event: 2.738 GC heap after
{Heap after GC invocations=4 (full 0):
 garbage-first heap   total 63488K, used 11580K [0x00000000c3600000, 0x0000000100000000)
  region size 1024K, 5 young (5120K), 5 survivors (5120K)
 Metaspace       used 15718K, committed 16000K, reserved 1114112K
  class space    used 1827K, committed 1920K, reserved 1048576K
}
Event: 3.267 GC heap before
{Heap before GC invocations=4 (full 0):
 garbage-first heap   total 63488K, used 44348K [0x00000000c3600000, 0x0000000100000000)
  region size 1024K, 37 young (37888K), 5 survivors (5120K)
 Metaspace       used 16153K, committed 16448K, reserved 1114112K
  class space    used 1854K, committed 1984K, reserved 1048576K
}
Event: 3.276 GC heap after
{Heap after GC invocations=5 (full 0):
 garbage-first heap   total 63488K, used 13655K [0x00000000c3600000, 0x0000000100000000)
  region size 1024K, 3 young (3072K), 3 survivors (3072K)
 Metaspace       used 16153K, committed 16448K, reserved 1114112K
  class space    used 1854K, committed 1984K, reserved 1048576K
}
Event: 4.351 GC heap before
{Heap before GC invocations=5 (full 0):
 garbage-first heap   total 63488K, used 48471K [0x00000000c3600000, 0x0000000100000000)
  region size 1024K, 37 young (37888K), 3 survivors (3072K)
 Metaspace       used 17154K, committed 17408K, reserved 1114112K
  class space    used 1949K, committed 2048K, reserved 1048576K
}
Event: 4.358 GC heap after
{Heap after GC invocations=6 (full 0):
 garbage-first heap   total 76800K, used 15294K [0x00000000c3600000, 0x0000000100000000)
  region size 1024K, 4 young (4096K), 4 survivors (4096K)
 Metaspace       used 17154K, committed 17408K, reserved 1114112K
  class space    used 1949K, committed 2048K, reserved 1048576K
}
Event: 5.172 GC heap before
{Heap before GC invocations=6 (full 0):
 garbage-first heap   total 76800K, used 56254K [0x00000000c3600000, 0x0000000100000000)
  region size 1024K, 38 young (38912K), 4 survivors (4096K)
 Metaspace       used 21217K, committed 21504K, reserved 1114112K
  class space    used 2407K, committed 2560K, reserved 1048576K
}
Event: 5.182 GC heap after
{Heap after GC invocations=7 (full 0):
 garbage-first heap   total 76800K, used 26374K [0x00000000c3600000, 0x0000000100000000)
  region size 1024K, 6 young (6144K), 6 survivors (6144K)
 Metaspace       used 21217K, committed 21504K, reserved 1114112K
  class space    used 2407K, committed 2560K, reserved 1048576K
}

